<?xml version="1.0" encoding="UTF-8"?>
<testng-results skipped="0" failed="0" total="1" passed="1">
  <reporter-output>
  </reporter-output>
  <suite name="com.saucedemo.test.LoginAndAddToCartTest" duration-ms="6573" started-at="2019-04-04T07:45:26Z" finished-at="2019-04-04T07:45:32Z">
    <groups>
      <group name="SD">
        <method signature="LoginAndAddToCartTest.verifyAddToCart()[pri:0, instance:com.saucedemo.test.LoginAndAddToCartTest@3d24753a]" name="verifyAddToCart" class="com.saucedemo.test.LoginAndAddToCartTest"/>
      </group> <!-- SD -->
    </groups>
    <test name="Command line test" duration-ms="6573" started-at="2019-04-04T07:45:26Z" finished-at="2019-04-04T07:45:32Z">
      <class name="com.saucedemo.test.LoginAndAddToCartTest">
        <test-method status="PASS" signature="verifyAddToCart()[pri:0, instance:com.saucedemo.test.LoginAndAddToCartTest@3d24753a]" name="verifyAddToCart" duration-ms="6558" started-at="2019-04-04T00:45:26Z" description="Sauce Demo test case" finished-at="2019-04-04T00:45:32Z">
          <reporter-output>
          </reporter-output>
        </test-method> <!-- verifyAddToCart -->
      </class> <!-- com.saucedemo.test.LoginAndAddToCartTest -->
    </test> <!-- Command line test -->
  </suite> <!-- com.saucedemo.test.LoginAndAddToCartTest -->
</testng-results>
