<?xml version="1.0" encoding="UTF-8"?>
<testng-results skipped="0" failed="0" total="1" passed="1">
  <reporter-output>
  </reporter-output>
  <suite name="Default suite" duration-ms="10993" started-at="2019-04-04T07:39:11Z" finished-at="2019-04-04T07:39:22Z">
    <groups>
      <group name="SD">
        <method signature="LoginAndAddToCartTest.verifyAddToCart()[pri:0, instance:com.saucedemo.test.LoginAndAddToCartTest@23ceabc1]" name="verifyAddToCart" class="com.saucedemo.test.LoginAndAddToCartTest"/>
      </group> <!-- SD -->
    </groups>
    <test name="Default test" duration-ms="10993" started-at="2019-04-04T07:39:11Z" finished-at="2019-04-04T07:39:22Z">
      <class name="com.saucedemo.test.LoginAndAddToCartTest">
        <test-method status="PASS" signature="verifyAddToCart()[pri:0, instance:com.saucedemo.test.LoginAndAddToCartTest@23ceabc1]" name="verifyAddToCart" duration-ms="10975" started-at="2019-04-04T00:39:11Z" description="Sauce Demo test case" finished-at="2019-04-04T00:39:22Z">
          <reporter-output>
          </reporter-output>
        </test-method> <!-- verifyAddToCart -->
      </class> <!-- com.saucedemo.test.LoginAndAddToCartTest -->
    </test> <!-- Default test -->
  </suite> <!-- Default suite -->
</testng-results>
